INFO:__main__:----------THE BEGINNING----------
INFO:__main__:Loading data...
INFO:__main__:Data Loaded. Beginning inference...
INFO:face_detection:Face_Detection Model Input shape: [1, 3, 384, 672]
INFO:face_detection:Face_Detection Model Output shape: [1, 1, 200, 7]
INFO:facial_landmarks_detection:Facial_landmark Model Input shape: [1, 3, 48, 48]
INFO:facial_landmarks_detection:Facial_landmark Model Output shape: [1, 10, 1, 1]
INFO:head_pose_estimation:Head_pose Model Input shape: [1, 3, 60, 60]
INFO:head_pose_estimation:Head_pose Model Output shape: [1, 1]
INFO:gaze_estimation:Gaze_estimation Model Input shape: [1, 3, 60, 60]
INFO:gaze_estimation:Gaze_estimation Model Output shape: [1, 3]
INFO:__main__:Face Detection object initialized
INFO:__main__:Facial Landmarks object initialized
INFO:__main__:Head Pose object initialized
INFO:__main__:Gaze object initialized
INFO:__main__:All models loaded and checked
INFO:face_detection:Commence prepocessing of inputs and start inferencing
INFO:face_detection:Waiting for output of inference
INFO:face_detection:The cropped face: [array([0.41082945, 0.10125782, 0.53988373, 0.43928623], dtype=float32)]
INFO:facial_landmarks_detection:Commence prepocessing of inputs and start inferencing
INFO:facial_landmarks_detection:Obtain coordinatess of the left and right eyes
INFO:facial_landmarks_detection:Here are the left and right eye coordinates: [[[0.29758927]]

 [[0.39135104]]

 [[0.77025944]]

 [[0.38446963]]

 [[0.5534426 ]]

 [[0.55259347]]

 [[0.33220255]]

 [[0.76728153]]

 [[0.7309586 ]]

 [[0.7541131 ]]]
INFO:facial_landmarks_detection:Return coordinates and the cropped Face
INFO:head_pose_estimation:Commence prepocessing of inputs and start inferencing
INFO:head_pose_estimation:Inference result
INFO:head_pose_estimation:Infered result
INFO:head_pose_estimation: Getting the yaw, pitch, and roll angles 
INFO:gaze_estimation:Commence prepocessing of inputs and start inferencing
INFO:gaze_estimation:Commence sync request
INFO:face_detection:Commence prepocessing of inputs and start inferencing
INFO:face_detection:Waiting for output of inference
INFO:face_detection:The cropped face: [array([0.41549936, 0.08261739, 0.54865116, 0.39287758], dtype=float32)]
INFO:facial_landmarks_detection:Commence prepocessing of inputs and start inferencing
INFO:facial_landmarks_detection:Obtain coordinatess of the left and right eyes
INFO:facial_landmarks_detection:Here are the left and right eye coordinates: [[[0.4258946 ]]

 [[0.37861478]]

 [[0.8196218 ]]

 [[0.38222262]]

 [[0.771094  ]]

 [[0.49645114]]

 [[0.51747894]]

 [[0.77261525]]

 [[0.8599882 ]]

 [[0.75697184]]]
INFO:facial_landmarks_detection:Return coordinates and the cropped Face
INFO:head_pose_estimation:Commence prepocessing of inputs and start inferencing
INFO:head_pose_estimation:Inference result
INFO:head_pose_estimation:Infered result
INFO:head_pose_estimation: Getting the yaw, pitch, and roll angles 
INFO:gaze_estimation:Commence prepocessing of inputs and start inferencing
INFO:gaze_estimation:Commence sync request
INFO:face_detection:Commence prepocessing of inputs and start inferencing
INFO:face_detection:Waiting for output of inference
INFO:face_detection:The cropped face: [array([0.41500703, 0.07441813, 0.54393536, 0.39771262], dtype=float32)]
INFO:facial_landmarks_detection:Commence prepocessing of inputs and start inferencing
INFO:facial_landmarks_detection:Obtain coordinatess of the left and right eyes
INFO:facial_landmarks_detection:Here are the left and right eye coordinates: [[[0.48047218]]

 [[0.36622754]]

 [[0.88485724]]

 [[0.36922908]]

 [[0.8425225 ]]

 [[0.4831562 ]]

 [[0.5655705 ]]

 [[0.72973585]]

 [[0.9090549 ]]

 [[0.72804034]]]
INFO:facial_landmarks_detection:Return coordinates and the cropped Face
INFO:head_pose_estimation:Commence prepocessing of inputs and start inferencing
INFO:head_pose_estimation:Inference result
INFO:head_pose_estimation:Infered result
INFO:head_pose_estimation: Getting the yaw, pitch, and roll angles 
INFO:gaze_estimation:Commence prepocessing of inputs and start inferencing
INFO:gaze_estimation:Commence sync request
INFO:face_detection:Commence prepocessing of inputs and start inferencing
INFO:face_detection:Waiting for output of inference
INFO:face_detection:The cropped face: [array([0.41563678, 0.0819691 , 0.5456628 , 0.3898338 ], dtype=float32)]
INFO:facial_landmarks_detection:Commence prepocessing of inputs and start inferencing
INFO:facial_landmarks_detection:Obtain coordinatess of the left and right eyes
INFO:facial_landmarks_detection:Here are the left and right eye coordinates: [[[0.39646077]]

 [[0.3740334 ]]

 [[0.82014203]]

 [[0.38269424]]

 [[0.76039755]]

 [[0.49641308]]

 [[0.4942581 ]]

 [[0.75817406]]

 [[0.85089254]]

 [[0.751215  ]]]
INFO:facial_landmarks_detection:Return coordinates and the cropped Face
INFO:head_pose_estimation:Commence prepocessing of inputs and start inferencing
INFO:head_pose_estimation:Inference result
INFO:head_pose_estimation:Infered result
INFO:head_pose_estimation: Getting the yaw, pitch, and roll angles 
INFO:gaze_estimation:Commence prepocessing of inputs and start inferencing
INFO:gaze_estimation:Commence sync request
INFO:face_detection:Commence prepocessing of inputs and start inferencing
INFO:face_detection:Waiting for output of inference
INFO:face_detection:The cropped face: [array([0.3993014 , 0.07948869, 0.5301828 , 0.39176726], dtype=float32)]
INFO:facial_landmarks_detection:Commence prepocessing of inputs and start inferencing
INFO:facial_landmarks_detection:Obtain coordinatess of the left and right eyes
INFO:facial_landmarks_detection:Here are the left and right eye coordinates: [[[0.16472982]]

 [[0.38645157]]

 [[0.5938666 ]]

 [[0.37876788]]

 [[0.23638858]]

 [[0.5008517 ]]

 [[0.13942465]]

 [[0.7692573 ]]

 [[0.5075705 ]]

 [[0.7597184 ]]]
INFO:facial_landmarks_detection:Return coordinates and the cropped Face
INFO:head_pose_estimation:Commence prepocessing of inputs and start inferencing
INFO:head_pose_estimation:Inference result
INFO:head_pose_estimation:Infered result
INFO:head_pose_estimation: Getting the yaw, pitch, and roll angles 
INFO:gaze_estimation:Commence prepocessing of inputs and start inferencing
INFO:gaze_estimation:Commence sync request
INFO:face_detection:Commence prepocessing of inputs and start inferencing
INFO:face_detection:Waiting for output of inference
INFO:face_detection:The cropped face: [array([0.39574966, 0.0867534 , 0.52995116, 0.3930914 ], dtype=float32)]
INFO:facial_landmarks_detection:Commence prepocessing of inputs and start inferencing
INFO:facial_landmarks_detection:Obtain coordinatess of the left and right eyes
INFO:facial_landmarks_detection:Here are the left and right eye coordinates: [[[0.1838995 ]]

 [[0.38360643]]

 [[0.577409  ]]

 [[0.37576833]]

 [[0.21926737]]

 [[0.5092635 ]]

 [[0.15598324]]

 [[0.774814  ]]

 [[0.50662947]]

 [[0.7656226 ]]]
INFO:facial_landmarks_detection:Return coordinates and the cropped Face
INFO:head_pose_estimation:Commence prepocessing of inputs and start inferencing
INFO:head_pose_estimation:Inference result
INFO:head_pose_estimation:Infered result
INFO:head_pose_estimation: Getting the yaw, pitch, and roll angles 
INFO:gaze_estimation:Commence prepocessing of inputs and start inferencing
INFO:gaze_estimation:Commence sync request
INFO:face_detection:Commence prepocessing of inputs and start inferencing
INFO:face_detection:Waiting for output of inference
INFO:face_detection:The cropped face: [array([0.39043093, 0.07991792, 0.52615327, 0.41095555], dtype=float32)]
INFO:facial_landmarks_detection:Commence prepocessing of inputs and start inferencing
INFO:facial_landmarks_detection:Obtain coordinatess of the left and right eyes
INFO:facial_landmarks_detection:Here are the left and right eye coordinates: [[[0.1617681 ]]

 [[0.40773094]]

 [[0.556299  ]]

 [[0.40131652]]

 [[0.22877331]]

 [[0.51945794]]

 [[0.15263279]]

 [[0.77112275]]

 [[0.505319  ]]

 [[0.76277053]]]
INFO:facial_landmarks_detection:Return coordinates and the cropped Face
INFO:head_pose_estimation:Commence prepocessing of inputs and start inferencing
INFO:head_pose_estimation:Inference result
INFO:head_pose_estimation:Infered result
INFO:head_pose_estimation: Getting the yaw, pitch, and roll angles 
INFO:gaze_estimation:Commence prepocessing of inputs and start inferencing
INFO:gaze_estimation:Commence sync request
INFO:face_detection:Commence prepocessing of inputs and start inferencing
INFO:face_detection:Waiting for output of inference
INFO:face_detection:The cropped face: [array([0.37402523, 0.11965123, 0.50465775, 0.46775314], dtype=float32)]
INFO:facial_landmarks_detection:Commence prepocessing of inputs and start inferencing
INFO:facial_landmarks_detection:Obtain coordinatess of the left and right eyes
INFO:facial_landmarks_detection:Here are the left and right eye coordinates: [[[0.10684831]]

 [[0.45822132]]

 [[0.48281798]]

 [[0.453701  ]]

 [[0.18215407]]

 [[0.6344255 ]]

 [[0.17520171]]

 [[0.7914212 ]]

 [[0.49296853]]

 [[0.7953334 ]]]
INFO:facial_landmarks_detection:Return coordinates and the cropped Face
INFO:head_pose_estimation:Commence prepocessing of inputs and start inferencing
INFO:head_pose_estimation:Inference result
INFO:head_pose_estimation:Infered result
INFO:head_pose_estimation: Getting the yaw, pitch, and roll angles 
INFO:gaze_estimation:Commence prepocessing of inputs and start inferencing
INFO:gaze_estimation:Commence sync request
INFO:face_detection:Commence prepocessing of inputs and start inferencing
INFO:face_detection:Waiting for output of inference
INFO:face_detection:The cropped face: [array([0.36589065, 0.14608568, 0.48438594, 0.47862166], dtype=float32)]
INFO:facial_landmarks_detection:Commence prepocessing of inputs and start inferencing
INFO:facial_landmarks_detection:Obtain coordinatess of the left and right eyes
INFO:facial_landmarks_detection:Here are the left and right eye coordinates: [[[0.07977482]]

 [[0.44765657]]

 [[0.47982344]]

 [[0.44810462]]

 [[0.19486591]]

 [[0.6335255 ]]

 [[0.18086544]]

 [[0.78969496]]

 [[0.5265671 ]]

 [[0.7937274 ]]]
INFO:facial_landmarks_detection:Return coordinates and the cropped Face
INFO:head_pose_estimation:Commence prepocessing of inputs and start inferencing
INFO:head_pose_estimation:Inference result
INFO:head_pose_estimation:Infered result
INFO:head_pose_estimation: Getting the yaw, pitch, and roll angles 
INFO:gaze_estimation:Commence prepocessing of inputs and start inferencing
INFO:gaze_estimation:Commence sync request
INFO:face_detection:Commence prepocessing of inputs and start inferencing
INFO:face_detection:Waiting for output of inference
INFO:face_detection:The cropped face: [array([0.36342105, 0.14355566, 0.48526672, 0.4773181 ], dtype=float32)]
INFO:facial_landmarks_detection:Commence prepocessing of inputs and start inferencing
INFO:facial_landmarks_detection:Obtain coordinatess of the left and right eyes
INFO:facial_landmarks_detection:Here are the left and right eye coordinates: [[[0.12484103]]

 [[0.45693693]]

 [[0.5360026 ]]

 [[0.45033544]]

 [[0.23258261]]

 [[0.65447307]]

 [[0.2045613 ]]

 [[0.79504275]]

 [[0.5687803 ]]

 [[0.7838974 ]]]
INFO:facial_landmarks_detection:Return coordinates and the cropped Face
INFO:head_pose_estimation:Commence prepocessing of inputs and start inferencing
INFO:head_pose_estimation:Inference result
INFO:head_pose_estimation:Infered result
INFO:head_pose_estimation: Getting the yaw, pitch, and roll angles 
INFO:gaze_estimation:Commence prepocessing of inputs and start inferencing
INFO:gaze_estimation:Commence sync request
INFO:face_detection:Commence prepocessing of inputs and start inferencing
INFO:face_detection:Waiting for output of inference
INFO:face_detection:The cropped face: [array([0.36077493, 0.13519923, 0.48586166, 0.48417932], dtype=float32)]
INFO:facial_landmarks_detection:Commence prepocessing of inputs and start inferencing
INFO:facial_landmarks_detection:Obtain coordinatess of the left and right eyes
INFO:facial_landmarks_detection:Here are the left and right eye coordinates: [[[0.09867831]]

 [[0.45893294]]

 [[0.5035336 ]]

 [[0.44837016]]

 [[0.20124379]]

 [[0.649557  ]]

 [[0.18691398]]

 [[0.7976863 ]]

 [[0.53188646]]

 [[0.7928618 ]]]
INFO:facial_landmarks_detection:Return coordinates and the cropped Face
INFO:head_pose_estimation:Commence prepocessing of inputs and start inferencing
INFO:head_pose_estimation:Inference result
INFO:head_pose_estimation:Infered result
INFO:head_pose_estimation: Getting the yaw, pitch, and roll angles 
INFO:gaze_estimation:Commence prepocessing of inputs and start inferencing
INFO:gaze_estimation:Commence sync request
INFO:face_detection:Commence prepocessing of inputs and start inferencing
INFO:face_detection:Waiting for output of inference
INFO:face_detection:The cropped face: [array([0.3621371 , 0.14121678, 0.47931615, 0.48159388], dtype=float32)]
INFO:facial_landmarks_detection:Commence prepocessing of inputs and start inferencing
INFO:facial_landmarks_detection:Obtain coordinatess of the left and right eyes
INFO:facial_landmarks_detection:Here are the left and right eye coordinates: [[[0.11611409]]

 [[0.45412153]]

 [[0.53901553]]

 [[0.44607446]]

 [[0.25356808]]

 [[0.6469001 ]]

 [[0.21659005]]

 [[0.79232943]]

 [[0.5761802 ]]

 [[0.78774285]]]
INFO:facial_landmarks_detection:Return coordinates and the cropped Face
INFO:head_pose_estimation:Commence prepocessing of inputs and start inferencing
INFO:head_pose_estimation:Inference result
INFO:head_pose_estimation:Infered result
INFO:head_pose_estimation: Getting the yaw, pitch, and roll angles 
INFO:gaze_estimation:Commence prepocessing of inputs and start inferencing
INFO:gaze_estimation:Commence sync request
INFO:face_detection:Commence prepocessing of inputs and start inferencing
INFO:face_detection:Waiting for output of inference
INFO:face_detection:The cropped face: [array([0.3844717 , 0.1270417 , 0.5161993 , 0.47604495], dtype=float32)]
INFO:facial_landmarks_detection:Commence prepocessing of inputs and start inferencing
INFO:facial_landmarks_detection:Obtain coordinatess of the left and right eyes
INFO:facial_landmarks_detection:Here are the left and right eye coordinates: [[[0.3076074 ]]

 [[0.49721   ]]

 [[0.74000114]]

 [[0.4435067 ]]

 [[0.6048789 ]]

 [[0.67615736]]

 [[0.40671453]]

 [[0.8269855 ]]

 [[0.77786034]]

 [[0.76959634]]]
INFO:facial_landmarks_detection:Return coordinates and the cropped Face
INFO:head_pose_estimation:Commence prepocessing of inputs and start inferencing
INFO:head_pose_estimation:Inference result
INFO:head_pose_estimation:Infered result
INFO:head_pose_estimation: Getting the yaw, pitch, and roll angles 
INFO:gaze_estimation:Commence prepocessing of inputs and start inferencing
INFO:gaze_estimation:Commence sync request
INFO:face_detection:Commence prepocessing of inputs and start inferencing
INFO:face_detection:Waiting for output of inference
INFO:face_detection:The cropped face: [array([0.38530385, 0.13241938, 0.5208082 , 0.49129626], dtype=float32)]
INFO:facial_landmarks_detection:Commence prepocessing of inputs and start inferencing
INFO:facial_landmarks_detection:Obtain coordinatess of the left and right eyes
INFO:facial_landmarks_detection:Here are the left and right eye coordinates: [[[0.39453608]]

 [[0.49473357]]

 [[0.7918352 ]]

 [[0.4537852 ]]

 [[0.6647314 ]]

 [[0.65156955]]

 [[0.4468154 ]]

 [[0.8121107 ]]

 [[0.81589305]]

 [[0.77070236]]]
INFO:facial_landmarks_detection:Return coordinates and the cropped Face
INFO:head_pose_estimation:Commence prepocessing of inputs and start inferencing
INFO:head_pose_estimation:Inference result
INFO:head_pose_estimation:Infered result
INFO:head_pose_estimation: Getting the yaw, pitch, and roll angles 
INFO:gaze_estimation:Commence prepocessing of inputs and start inferencing
INFO:gaze_estimation:Commence sync request
INFO:face_detection:Commence prepocessing of inputs and start inferencing
INFO:face_detection:Waiting for output of inference
INFO:face_detection:The cropped face: [array([0.39033058, 0.14447044, 0.5192654 , 0.49479538], dtype=float32)]
INFO:facial_landmarks_detection:Commence prepocessing of inputs and start inferencing
INFO:facial_landmarks_detection:Obtain coordinatess of the left and right eyes
INFO:facial_landmarks_detection:Here are the left and right eye coordinates: [[[0.38504446]]

 [[0.46122178]]

 [[0.8173435 ]]

 [[0.40968895]]

 [[0.6779894 ]]

 [[0.62703234]]

 [[0.45486715]]

 [[0.8076039 ]]

 [[0.83677006]]

 [[0.74993193]]]
INFO:facial_landmarks_detection:Return coordinates and the cropped Face
INFO:head_pose_estimation:Commence prepocessing of inputs and start inferencing
INFO:head_pose_estimation:Inference result
INFO:head_pose_estimation:Infered result
INFO:head_pose_estimation: Getting the yaw, pitch, and roll angles 
INFO:gaze_estimation:Commence prepocessing of inputs and start inferencing
INFO:gaze_estimation:Commence sync request
INFO:face_detection:Commence prepocessing of inputs and start inferencing
INFO:face_detection:Waiting for output of inference
INFO:face_detection:The cropped face: [array([0.39543843, 0.13384973, 0.5235668 , 0.48333144], dtype=float32)]
INFO:facial_landmarks_detection:Commence prepocessing of inputs and start inferencing
INFO:facial_landmarks_detection:Obtain coordinatess of the left and right eyes
INFO:facial_landmarks_detection:Here are the left and right eye coordinates: [[[0.38295662]]

 [[0.46042672]]

 [[0.81822985]]

 [[0.42144766]]

 [[0.6819489 ]]

 [[0.6256881 ]]

 [[0.43602577]]

 [[0.815319  ]]

 [[0.83063287]]

 [[0.7717343 ]]]
INFO:facial_landmarks_detection:Return coordinates and the cropped Face
INFO:head_pose_estimation:Commence prepocessing of inputs and start inferencing
INFO:head_pose_estimation:Inference result
INFO:head_pose_estimation:Infered result
INFO:head_pose_estimation: Getting the yaw, pitch, and roll angles 
INFO:gaze_estimation:Commence prepocessing of inputs and start inferencing
INFO:gaze_estimation:Commence sync request
INFO:face_detection:Commence prepocessing of inputs and start inferencing
INFO:face_detection:Waiting for output of inference
INFO:face_detection:The cropped face: [array([0.3961957 , 0.08731736, 0.5315013 , 0.4132437 ], dtype=float32)]
INFO:facial_landmarks_detection:Commence prepocessing of inputs and start inferencing
INFO:facial_landmarks_detection:Obtain coordinatess of the left and right eyes
INFO:facial_landmarks_detection:Here are the left and right eye coordinates: [[[0.39278573]]

 [[0.41022763]]

 [[0.8071821 ]]

 [[0.38693923]]

 [[0.7296894 ]]

 [[0.55063903]]

 [[0.47879523]]

 [[0.79024   ]]

 [[0.83509475]]

 [[0.7604312 ]]]
INFO:facial_landmarks_detection:Return coordinates and the cropped Face
INFO:head_pose_estimation:Commence prepocessing of inputs and start inferencing
INFO:head_pose_estimation:Inference result
INFO:head_pose_estimation:Infered result
INFO:head_pose_estimation: Getting the yaw, pitch, and roll angles 
INFO:gaze_estimation:Commence prepocessing of inputs and start inferencing
INFO:gaze_estimation:Commence sync request
INFO:face_detection:Commence prepocessing of inputs and start inferencing
INFO:face_detection:Waiting for output of inference
INFO:face_detection:The cropped face: [array([0.41306198, 0.07969432, 0.54341614, 0.38279498], dtype=float32)]
INFO:facial_landmarks_detection:Commence prepocessing of inputs and start inferencing
INFO:facial_landmarks_detection:Obtain coordinatess of the left and right eyes
INFO:facial_landmarks_detection:Here are the left and right eye coordinates: [[[0.37190074]]

 [[0.38211095]]

 [[0.80161077]]

 [[0.38388795]]

 [[0.7366346 ]]

 [[0.49799177]]

 [[0.45424446]]

 [[0.77497923]]

 [[0.82503414]]

 [[0.7640445 ]]]
INFO:facial_landmarks_detection:Return coordinates and the cropped Face
INFO:head_pose_estimation:Commence prepocessing of inputs and start inferencing
INFO:head_pose_estimation:Inference result
INFO:head_pose_estimation:Infered result
INFO:head_pose_estimation: Getting the yaw, pitch, and roll angles 
INFO:gaze_estimation:Commence prepocessing of inputs and start inferencing
INFO:gaze_estimation:Commence sync request
INFO:face_detection:Commence prepocessing of inputs and start inferencing
INFO:face_detection:Waiting for output of inference
INFO:face_detection:The cropped face: [array([0.41531044, 0.08480516, 0.54431695, 0.38919732], dtype=float32)]
INFO:facial_landmarks_detection:Commence prepocessing of inputs and start inferencing
INFO:facial_landmarks_detection:Obtain coordinatess of the left and right eyes
INFO:facial_landmarks_detection:Here are the left and right eye coordinates: [[[0.39358687]]

 [[0.37982243]]

 [[0.81078357]]

 [[0.38985974]]

 [[0.7634274 ]]

 [[0.5033665 ]]

 [[0.47315314]]

 [[0.77215207]]

 [[0.84914213]]

 [[0.7671845 ]]]
INFO:facial_landmarks_detection:Return coordinates and the cropped Face
INFO:head_pose_estimation:Commence prepocessing of inputs and start inferencing
INFO:head_pose_estimation:Inference result
INFO:head_pose_estimation:Infered result
INFO:head_pose_estimation: Getting the yaw, pitch, and roll angles 
INFO:gaze_estimation:Commence prepocessing of inputs and start inferencing
INFO:gaze_estimation:Commence sync request
INFO:face_detection:Commence prepocessing of inputs and start inferencing
INFO:face_detection:Waiting for output of inference
INFO:face_detection:The cropped face: [array([0.4197521 , 0.07599916, 0.54217964, 0.39040995], dtype=float32)]
INFO:facial_landmarks_detection:Commence prepocessing of inputs and start inferencing
INFO:facial_landmarks_detection:Obtain coordinatess of the left and right eyes
INFO:facial_landmarks_detection:Here are the left and right eye coordinates: [[[0.40154243]]

 [[0.3988721 ]]

 [[0.84857714]]

 [[0.4081738 ]]

 [[0.77966464]]

 [[0.5364847 ]]

 [[0.48167047]]

 [[0.78065604]]

 [[0.8709743 ]]

 [[0.77776784]]]
INFO:facial_landmarks_detection:Return coordinates and the cropped Face
INFO:head_pose_estimation:Commence prepocessing of inputs and start inferencing
INFO:head_pose_estimation:Inference result
INFO:head_pose_estimation:Infered result
INFO:head_pose_estimation: Getting the yaw, pitch, and roll angles 
INFO:gaze_estimation:Commence prepocessing of inputs and start inferencing
INFO:gaze_estimation:Commence sync request
INFO:face_detection:Commence prepocessing of inputs and start inferencing
INFO:face_detection:Waiting for output of inference
INFO:face_detection:The cropped face: [array([0.4175169 , 0.08194967, 0.5432186 , 0.3886587 ], dtype=float32)]
INFO:facial_landmarks_detection:Commence prepocessing of inputs and start inferencing
INFO:facial_landmarks_detection:Obtain coordinatess of the left and right eyes
INFO:facial_landmarks_detection:Here are the left and right eye coordinates: [[[0.41337022]]

 [[0.39035264]]

 [[0.84397966]]

 [[0.40141746]]

 [[0.77472067]]

 [[0.53463626]]

 [[0.485812  ]]

 [[0.7826067 ]]

 [[0.862496  ]]

 [[0.780296  ]]]
INFO:facial_landmarks_detection:Return coordinates and the cropped Face
INFO:head_pose_estimation:Commence prepocessing of inputs and start inferencing
INFO:head_pose_estimation:Inference result
INFO:head_pose_estimation:Infered result
INFO:head_pose_estimation: Getting the yaw, pitch, and roll angles 
INFO:gaze_estimation:Commence prepocessing of inputs and start inferencing
INFO:gaze_estimation:Commence sync request
INFO:face_detection:Commence prepocessing of inputs and start inferencing
INFO:face_detection:Waiting for output of inference
INFO:face_detection:The cropped face: [array([0.40988502, 0.08517447, 0.5376982 , 0.3963191 ], dtype=float32)]
INFO:facial_landmarks_detection:Commence prepocessing of inputs and start inferencing
INFO:facial_landmarks_detection:Obtain coordinatess of the left and right eyes
INFO:facial_landmarks_detection:Here are the left and right eye coordinates: [[[0.2783293 ]]

 [[0.39073604]]

 [[0.74071276]]

 [[0.3869178 ]]

 [[0.5262573 ]]

 [[0.5242801 ]]

 [[0.31137764]]

 [[0.77648777]]

 [[0.7209412 ]]

 [[0.76795065]]]
INFO:facial_landmarks_detection:Return coordinates and the cropped Face
INFO:head_pose_estimation:Commence prepocessing of inputs and start inferencing
INFO:head_pose_estimation:Inference result
INFO:head_pose_estimation:Infered result
INFO:head_pose_estimation: Getting the yaw, pitch, and roll angles 
INFO:gaze_estimation:Commence prepocessing of inputs and start inferencing
INFO:gaze_estimation:Commence sync request
INFO:face_detection:Commence prepocessing of inputs and start inferencing
INFO:face_detection:Waiting for output of inference
INFO:face_detection:The cropped face: [array([0.40189508, 0.08226185, 0.5280184 , 0.40607524], dtype=float32)]
INFO:facial_landmarks_detection:Commence prepocessing of inputs and start inferencing
INFO:facial_landmarks_detection:Obtain coordinatess of the left and right eyes
INFO:facial_landmarks_detection:Here are the left and right eye coordinates: [[[0.251999  ]]

 [[0.39228755]]

 [[0.7329302 ]]

 [[0.3830392 ]]

 [[0.485966  ]]

 [[0.51323813]]

 [[0.2898216 ]]

 [[0.77335536]]

 [[0.68702745]]

 [[0.7636417 ]]]
INFO:facial_landmarks_detection:Return coordinates and the cropped Face
INFO:head_pose_estimation:Commence prepocessing of inputs and start inferencing
INFO:head_pose_estimation:Inference result
INFO:head_pose_estimation:Infered result
INFO:head_pose_estimation: Getting the yaw, pitch, and roll angles 
INFO:gaze_estimation:Commence prepocessing of inputs and start inferencing
INFO:gaze_estimation:Commence sync request
INFO:face_detection:Commence prepocessing of inputs and start inferencing
INFO:face_detection:Waiting for output of inference
INFO:face_detection:The cropped face: [array([0.3979555 , 0.08530876, 0.5255362 , 0.40353447], dtype=float32)]
INFO:facial_landmarks_detection:Commence prepocessing of inputs and start inferencing
INFO:facial_landmarks_detection:Obtain coordinatess of the left and right eyes
INFO:facial_landmarks_detection:Here are the left and right eye coordinates: [[[0.26523134]]

 [[0.4017891 ]]

 [[0.72359526]]

 [[0.3929972 ]]

 [[0.493911  ]]

 [[0.5413507 ]]

 [[0.30187672]]

 [[0.79070234]]

 [[0.7070136 ]]

 [[0.7744968 ]]]
INFO:facial_landmarks_detection:Return coordinates and the cropped Face
INFO:head_pose_estimation:Commence prepocessing of inputs and start inferencing
INFO:head_pose_estimation:Inference result
INFO:head_pose_estimation:Infered result
INFO:head_pose_estimation: Getting the yaw, pitch, and roll angles 
INFO:gaze_estimation:Commence prepocessing of inputs and start inferencing
INFO:gaze_estimation:Commence sync request
INFO:face_detection:Commence prepocessing of inputs and start inferencing
INFO:face_detection:Waiting for output of inference
INFO:face_detection:The cropped face: [array([0.39452288, 0.09240833, 0.5163154 , 0.41748956], dtype=float32)]
INFO:facial_landmarks_detection:Commence prepocessing of inputs and start inferencing
INFO:facial_landmarks_detection:Obtain coordinatess of the left and right eyes
INFO:facial_landmarks_detection:Here are the left and right eye coordinates: [[[0.26200038]]

 [[0.4056446 ]]

 [[0.74116176]]

 [[0.40185747]]

 [[0.53092974]]

 [[0.5202304 ]]

 [[0.3120234 ]]

 [[0.7746431 ]]

 [[0.75101364]]

 [[0.7642007 ]]]
INFO:facial_landmarks_detection:Return coordinates and the cropped Face
INFO:head_pose_estimation:Commence prepocessing of inputs and start inferencing
INFO:head_pose_estimation:Inference result
INFO:head_pose_estimation:Infered result
INFO:head_pose_estimation: Getting the yaw, pitch, and roll angles 
INFO:gaze_estimation:Commence prepocessing of inputs and start inferencing
INFO:gaze_estimation:Commence sync request
INFO:face_detection:Commence prepocessing of inputs and start inferencing
INFO:face_detection:Waiting for output of inference
INFO:face_detection:The cropped face: [array([0.3918431 , 0.08929215, 0.51736414, 0.41465473], dtype=float32)]
INFO:facial_landmarks_detection:Commence prepocessing of inputs and start inferencing
INFO:facial_landmarks_detection:Obtain coordinatess of the left and right eyes
INFO:facial_landmarks_detection:Here are the left and right eye coordinates: [[[0.2879686 ]]

 [[0.43206048]]

 [[0.7442074 ]]

 [[0.42481065]]

 [[0.521557  ]]

 [[0.54457366]]

 [[0.31816423]]

 [[0.7893945 ]]

 [[0.72922516]]

 [[0.77460265]]]
INFO:facial_landmarks_detection:Return coordinates and the cropped Face
INFO:head_pose_estimation:Commence prepocessing of inputs and start inferencing
INFO:head_pose_estimation:Inference result
INFO:head_pose_estimation:Infered result
INFO:head_pose_estimation: Getting the yaw, pitch, and roll angles 
INFO:gaze_estimation:Commence prepocessing of inputs and start inferencing
INFO:gaze_estimation:Commence sync request
INFO:face_detection:Commence prepocessing of inputs and start inferencing
INFO:face_detection:Waiting for output of inference
INFO:face_detection:The cropped face: [array([0.39459664, 0.09284377, 0.5182784 , 0.42361122], dtype=float32)]
INFO:facial_landmarks_detection:Commence prepocessing of inputs and start inferencing
INFO:facial_landmarks_detection:Obtain coordinatess of the left and right eyes
INFO:facial_landmarks_detection:Here are the left and right eye coordinates: [[[0.2943343 ]]

 [[0.41071278]]

 [[0.7592852 ]]

 [[0.40545508]]

 [[0.5149144 ]]

 [[0.5149586 ]]

 [[0.31971458]]

 [[0.7589606 ]]

 [[0.7212727 ]]

 [[0.7531966 ]]]
INFO:facial_landmarks_detection:Return coordinates and the cropped Face
INFO:head_pose_estimation:Commence prepocessing of inputs and start inferencing
INFO:head_pose_estimation:Inference result
INFO:head_pose_estimation:Infered result
INFO:head_pose_estimation: Getting the yaw, pitch, and roll angles 
INFO:gaze_estimation:Commence prepocessing of inputs and start inferencing
INFO:gaze_estimation:Commence sync request
INFO:face_detection:Commence prepocessing of inputs and start inferencing
INFO:face_detection:Waiting for output of inference
INFO:face_detection:The cropped face: [array([0.39596304, 0.09107843, 0.5153872 , 0.42495665], dtype=float32)]
INFO:facial_landmarks_detection:Commence prepocessing of inputs and start inferencing
INFO:facial_landmarks_detection:Obtain coordinatess of the left and right eyes
INFO:facial_landmarks_detection:Here are the left and right eye coordinates: [[[0.30739033]]

 [[0.4171909 ]]

 [[0.75975657]]

 [[0.40565148]]

 [[0.5338793 ]]

 [[0.52297086]]

 [[0.32368308]]

 [[0.76629096]]

 [[0.74213606]]

 [[0.75211406]]]
INFO:facial_landmarks_detection:Return coordinates and the cropped Face
INFO:head_pose_estimation:Commence prepocessing of inputs and start inferencing
INFO:head_pose_estimation:Inference result
INFO:head_pose_estimation:Infered result
INFO:head_pose_estimation: Getting the yaw, pitch, and roll angles 
INFO:gaze_estimation:Commence prepocessing of inputs and start inferencing
INFO:gaze_estimation:Commence sync request
INFO:face_detection:Commence prepocessing of inputs and start inferencing
INFO:face_detection:Waiting for output of inference
INFO:face_detection:The cropped face: [array([0.3954883 , 0.08617897, 0.5178763 , 0.42113477], dtype=float32)]
INFO:facial_landmarks_detection:Commence prepocessing of inputs and start inferencing
INFO:facial_landmarks_detection:Obtain coordinatess of the left and right eyes
INFO:facial_landmarks_detection:Here are the left and right eye coordinates: [[[0.3041173 ]]

 [[0.43904525]]

 [[0.74562204]]

 [[0.426156  ]]

 [[0.52737784]]

 [[0.5445756 ]]

 [[0.31915507]]

 [[0.7891758 ]]

 [[0.7395458 ]]

 [[0.77636236]]]
INFO:facial_landmarks_detection:Return coordinates and the cropped Face
INFO:head_pose_estimation:Commence prepocessing of inputs and start inferencing
INFO:head_pose_estimation:Inference result
INFO:head_pose_estimation:Infered result
INFO:head_pose_estimation: Getting the yaw, pitch, and roll angles 
INFO:gaze_estimation:Commence prepocessing of inputs and start inferencing
INFO:gaze_estimation:Commence sync request
INFO:face_detection:Commence prepocessing of inputs and start inferencing
INFO:face_detection:Waiting for output of inference
INFO:face_detection:The cropped face: [array([0.39436194, 0.08887731, 0.51759636, 0.4223193 ], dtype=float32)]
INFO:facial_landmarks_detection:Commence prepocessing of inputs and start inferencing
INFO:facial_landmarks_detection:Obtain coordinatess of the left and right eyes
INFO:facial_landmarks_detection:Here are the left and right eye coordinates: [[[0.33130267]]

 [[0.3880154 ]]

 [[0.7837617 ]]

 [[0.38300812]]

 [[0.55485547]]

 [[0.5424723 ]]

 [[0.34812737]]

 [[0.771712  ]]

 [[0.7532023 ]]

 [[0.76598823]]]
INFO:facial_landmarks_detection:Return coordinates and the cropped Face
INFO:head_pose_estimation:Commence prepocessing of inputs and start inferencing
INFO:head_pose_estimation:Inference result
INFO:head_pose_estimation:Infered result
INFO:head_pose_estimation: Getting the yaw, pitch, and roll angles 
INFO:gaze_estimation:Commence prepocessing of inputs and start inferencing
INFO:gaze_estimation:Commence sync request
INFO:face_detection:Commence prepocessing of inputs and start inferencing
INFO:face_detection:Waiting for output of inference
INFO:face_detection:The cropped face: [array([0.39741343, 0.0851263 , 0.5220915 , 0.4148019 ], dtype=float32)]
INFO:facial_landmarks_detection:Commence prepocessing of inputs and start inferencing
INFO:facial_landmarks_detection:Obtain coordinatess of the left and right eyes
INFO:facial_landmarks_detection:Here are the left and right eye coordinates: [[[0.3388455 ]]

 [[0.3895131 ]]

 [[0.79001594]]

 [[0.37908515]]

 [[0.57091427]]

 [[0.54650116]]

 [[0.35480422]]

 [[0.7863914 ]]

 [[0.7565938 ]]

 [[0.76812154]]]
INFO:facial_landmarks_detection:Return coordinates and the cropped Face
INFO:head_pose_estimation:Commence prepocessing of inputs and start inferencing
INFO:head_pose_estimation:Inference result
INFO:head_pose_estimation:Infered result
INFO:head_pose_estimation: Getting the yaw, pitch, and roll angles 
INFO:gaze_estimation:Commence prepocessing of inputs and start inferencing
INFO:gaze_estimation:Commence sync request
INFO:face_detection:Commence prepocessing of inputs and start inferencing
INFO:face_detection:Waiting for output of inference
INFO:face_detection:The cropped face: [array([0.39796686, 0.08370416, 0.5246405 , 0.41895843], dtype=float32)]
INFO:facial_landmarks_detection:Commence prepocessing of inputs and start inferencing
INFO:facial_landmarks_detection:Obtain coordinatess of the left and right eyes
INFO:facial_landmarks_detection:Here are the left and right eye coordinates: [[[0.33282405]]

 [[0.377622  ]]

 [[0.79429805]]

 [[0.36846521]]

 [[0.57779384]]

 [[0.53350073]]

 [[0.3523445 ]]

 [[0.7755733 ]]

 [[0.7563349 ]]

 [[0.7643801 ]]]
INFO:facial_landmarks_detection:Return coordinates and the cropped Face
INFO:head_pose_estimation:Commence prepocessing of inputs and start inferencing
INFO:head_pose_estimation:Inference result
INFO:head_pose_estimation:Infered result
INFO:head_pose_estimation: Getting the yaw, pitch, and roll angles 
INFO:gaze_estimation:Commence prepocessing of inputs and start inferencing
INFO:gaze_estimation:Commence sync request
INFO:face_detection:Commence prepocessing of inputs and start inferencing
INFO:face_detection:Waiting for output of inference
INFO:face_detection:The cropped face: [array([0.39734668, 0.09080039, 0.5257167 , 0.41454464], dtype=float32)]
INFO:facial_landmarks_detection:Commence prepocessing of inputs and start inferencing
INFO:facial_landmarks_detection:Obtain coordinatess of the left and right eyes
INFO:facial_landmarks_detection:Here are the left and right eye coordinates: [[[0.28510618]]

 [[0.3850116 ]]

 [[0.7606311 ]]

 [[0.37953097]]

 [[0.5876314 ]]

 [[0.5358722 ]]

 [[0.3640889 ]]

 [[0.78098243]]

 [[0.765586  ]]

 [[0.764316  ]]]
INFO:facial_landmarks_detection:Return coordinates and the cropped Face
INFO:head_pose_estimation:Commence prepocessing of inputs and start inferencing
INFO:head_pose_estimation:Inference result
INFO:head_pose_estimation:Infered result
INFO:head_pose_estimation: Getting the yaw, pitch, and roll angles 
INFO:gaze_estimation:Commence prepocessing of inputs and start inferencing
INFO:gaze_estimation:Commence sync request
INFO:face_detection:Commence prepocessing of inputs and start inferencing
INFO:face_detection:Waiting for output of inference
INFO:face_detection:The cropped face: [array([0.39915293, 0.08868353, 0.51925826, 0.41741318], dtype=float32)]
INFO:facial_landmarks_detection:Commence prepocessing of inputs and start inferencing
INFO:facial_landmarks_detection:Obtain coordinatess of the left and right eyes
INFO:facial_landmarks_detection:Here are the left and right eye coordinates: [[[0.27200514]]

 [[0.38584536]]

 [[0.7746907 ]]

 [[0.3887386 ]]

 [[0.5905402 ]]

 [[0.5237108 ]]

 [[0.3522201 ]]

 [[0.7666866 ]]

 [[0.779596  ]]

 [[0.7601731 ]]]
INFO:facial_landmarks_detection:Return coordinates and the cropped Face
INFO:head_pose_estimation:Commence prepocessing of inputs and start inferencing
INFO:head_pose_estimation:Inference result
INFO:head_pose_estimation:Infered result
INFO:head_pose_estimation: Getting the yaw, pitch, and roll angles 
INFO:gaze_estimation:Commence prepocessing of inputs and start inferencing
INFO:gaze_estimation:Commence sync request
INFO:face_detection:Commence prepocessing of inputs and start inferencing
INFO:face_detection:Waiting for output of inference
INFO:face_detection:The cropped face: [array([0.3961893 , 0.08716325, 0.522605  , 0.41249645], dtype=float32)]
INFO:facial_landmarks_detection:Commence prepocessing of inputs and start inferencing
INFO:facial_landmarks_detection:Obtain coordinatess of the left and right eyes
INFO:facial_landmarks_detection:Here are the left and right eye coordinates: [[[0.26728758]]

 [[0.39132127]]

 [[0.74310327]]

 [[0.38638055]]

 [[0.565192  ]]

 [[0.53157216]]

 [[0.3407484 ]]

 [[0.7839649 ]]

 [[0.7605345 ]]

 [[0.77028275]]]
INFO:facial_landmarks_detection:Return coordinates and the cropped Face
INFO:head_pose_estimation:Commence prepocessing of inputs and start inferencing
INFO:head_pose_estimation:Inference result
INFO:head_pose_estimation:Infered result
INFO:head_pose_estimation: Getting the yaw, pitch, and roll angles 
INFO:gaze_estimation:Commence prepocessing of inputs and start inferencing
INFO:gaze_estimation:Commence sync request
INFO:face_detection:Commence prepocessing of inputs and start inferencing
INFO:face_detection:Waiting for output of inference
INFO:face_detection:The cropped face: [array([0.3932548 , 0.09171516, 0.52150226, 0.41626263], dtype=float32)]
INFO:facial_landmarks_detection:Commence prepocessing of inputs and start inferencing
INFO:facial_landmarks_detection:Obtain coordinatess of the left and right eyes
INFO:facial_landmarks_detection:Here are the left and right eye coordinates: [[[0.2715934 ]]

 [[0.3978313 ]]

 [[0.74056095]]

 [[0.39280125]]

 [[0.55267304]]

 [[0.5290607 ]]

 [[0.34055698]]

 [[0.77843684]]

 [[0.7553141 ]]

 [[0.76252997]]]
INFO:facial_landmarks_detection:Return coordinates and the cropped Face
INFO:head_pose_estimation:Commence prepocessing of inputs and start inferencing
INFO:head_pose_estimation:Inference result
INFO:head_pose_estimation:Infered result
INFO:head_pose_estimation: Getting the yaw, pitch, and roll angles 
INFO:gaze_estimation:Commence prepocessing of inputs and start inferencing
INFO:gaze_estimation:Commence sync request
INFO:face_detection:Commence prepocessing of inputs and start inferencing
INFO:face_detection:Waiting for output of inference
INFO:face_detection:The cropped face: [array([0.39176688, 0.08688754, 0.51839834, 0.4231215 ], dtype=float32)]
INFO:facial_landmarks_detection:Commence prepocessing of inputs and start inferencing
INFO:facial_landmarks_detection:Obtain coordinatess of the left and right eyes
INFO:facial_landmarks_detection:Here are the left and right eye coordinates: [[[0.30225983]]

 [[0.3995917 ]]

 [[0.78413546]]

 [[0.38898927]]

 [[0.55890477]]

 [[0.5296371 ]]

 [[0.35203865]]

 [[0.77356726]]

 [[0.75517493]]

 [[0.7642445 ]]]
INFO:facial_landmarks_detection:Return coordinates and the cropped Face
INFO:head_pose_estimation:Commence prepocessing of inputs and start inferencing
INFO:head_pose_estimation:Inference result
INFO:head_pose_estimation:Infered result
INFO:head_pose_estimation: Getting the yaw, pitch, and roll angles 
INFO:gaze_estimation:Commence prepocessing of inputs and start inferencing
INFO:gaze_estimation:Commence sync request
INFO:face_detection:Commence prepocessing of inputs and start inferencing
INFO:face_detection:Waiting for output of inference
INFO:face_detection:The cropped face: [array([0.3911438 , 0.08249711, 0.5198581 , 0.41607523], dtype=float32)]
INFO:facial_landmarks_detection:Commence prepocessing of inputs and start inferencing
INFO:facial_landmarks_detection:Obtain coordinatess of the left and right eyes
INFO:facial_landmarks_detection:Here are the left and right eye coordinates: [[[0.3146667 ]]

 [[0.41045827]]

 [[0.7837641 ]]

 [[0.40904316]]

 [[0.567796  ]]

 [[0.5534109 ]]

 [[0.3489534 ]]

 [[0.7947285 ]]

 [[0.7623927 ]]

 [[0.7802568 ]]]
INFO:facial_landmarks_detection:Return coordinates and the cropped Face
INFO:head_pose_estimation:Commence prepocessing of inputs and start inferencing
INFO:head_pose_estimation:Inference result
INFO:head_pose_estimation:Infered result
INFO:head_pose_estimation: Getting the yaw, pitch, and roll angles 
INFO:gaze_estimation:Commence prepocessing of inputs and start inferencing
INFO:gaze_estimation:Commence sync request
INFO:face_detection:Commence prepocessing of inputs and start inferencing
INFO:face_detection:Waiting for output of inference
INFO:face_detection:The cropped face: [array([0.39474735, 0.09402977, 0.5206324 , 0.42976815], dtype=float32)]
INFO:facial_landmarks_detection:Commence prepocessing of inputs and start inferencing
INFO:facial_landmarks_detection:Obtain coordinatess of the left and right eyes
INFO:facial_landmarks_detection:Here are the left and right eye coordinates: [[[0.3002434 ]]

 [[0.39652026]]

 [[0.78450155]]

 [[0.3789922 ]]

 [[0.5790925 ]]

 [[0.53541446]]

 [[0.3585955 ]]

 [[0.77050257]]

 [[0.7689497 ]]

 [[0.75233155]]]
INFO:facial_landmarks_detection:Return coordinates and the cropped Face
INFO:head_pose_estimation:Commence prepocessing of inputs and start inferencing
INFO:head_pose_estimation:Inference result
INFO:head_pose_estimation:Infered result
INFO:head_pose_estimation: Getting the yaw, pitch, and roll angles 
INFO:gaze_estimation:Commence prepocessing of inputs and start inferencing
INFO:gaze_estimation:Commence sync request
INFO:face_detection:Commence prepocessing of inputs and start inferencing
INFO:face_detection:Waiting for output of inference
INFO:face_detection:The cropped face: [array([0.3959712 , 0.09172018, 0.51826936, 0.41917992], dtype=float32)]
INFO:facial_landmarks_detection:Commence prepocessing of inputs and start inferencing
INFO:facial_landmarks_detection:Obtain coordinatess of the left and right eyes
INFO:facial_landmarks_detection:Here are the left and right eye coordinates: [[[0.30747616]]

 [[0.40880564]]

 [[0.79235476]]

 [[0.4033666 ]]

 [[0.59294987]]

 [[0.5593225 ]]

 [[0.35727167]]

 [[0.7907016 ]]

 [[0.7799722 ]]

 [[0.7738884 ]]]
INFO:facial_landmarks_detection:Return coordinates and the cropped Face
INFO:head_pose_estimation:Commence prepocessing of inputs and start inferencing
INFO:head_pose_estimation:Inference result
INFO:head_pose_estimation:Infered result
INFO:head_pose_estimation: Getting the yaw, pitch, and roll angles 
INFO:gaze_estimation:Commence prepocessing of inputs and start inferencing
INFO:gaze_estimation:Commence sync request
INFO:face_detection:Commence prepocessing of inputs and start inferencing
INFO:face_detection:Waiting for output of inference
INFO:face_detection:The cropped face: [array([0.3955145 , 0.10335566, 0.5234672 , 0.45148766], dtype=float32)]
INFO:facial_landmarks_detection:Commence prepocessing of inputs and start inferencing
INFO:facial_landmarks_detection:Obtain coordinatess of the left and right eyes
INFO:facial_landmarks_detection:Here are the left and right eye coordinates: [[[0.31272528]]

 [[0.44606662]]

 [[0.76912045]]

 [[0.43079346]]

 [[0.58387244]]

 [[0.6172669 ]]

 [[0.36523753]]

 [[0.8060415 ]]

 [[0.76359546]]

 [[0.7870972 ]]]
INFO:facial_landmarks_detection:Return coordinates and the cropped Face
INFO:head_pose_estimation:Commence prepocessing of inputs and start inferencing
INFO:head_pose_estimation:Inference result
INFO:head_pose_estimation:Infered result
INFO:head_pose_estimation: Getting the yaw, pitch, and roll angles 
INFO:gaze_estimation:Commence prepocessing of inputs and start inferencing
INFO:gaze_estimation:Commence sync request
INFO:face_detection:Commence prepocessing of inputs and start inferencing
INFO:face_detection:Waiting for output of inference
INFO:face_detection:The cropped face: [array([0.39674932, 0.14613764, 0.5241928 , 0.5021356 ], dtype=float32)]
INFO:facial_landmarks_detection:Commence prepocessing of inputs and start inferencing
INFO:facial_landmarks_detection:Obtain coordinatess of the left and right eyes
INFO:facial_landmarks_detection:Here are the left and right eye coordinates: [[[0.31128815]]

 [[0.48285905]]

 [[0.7683258 ]]

 [[0.46075985]]

 [[0.5676986 ]]

 [[0.66082734]]

 [[0.3448976 ]]

 [[0.80493414]]

 [[0.75470287]]

 [[0.77629495]]]
INFO:facial_landmarks_detection:Return coordinates and the cropped Face
INFO:head_pose_estimation:Commence prepocessing of inputs and start inferencing
INFO:head_pose_estimation:Inference result
INFO:head_pose_estimation:Infered result
INFO:head_pose_estimation: Getting the yaw, pitch, and roll angles 
INFO:gaze_estimation:Commence prepocessing of inputs and start inferencing
INFO:gaze_estimation:Commence sync request
INFO:face_detection:Commence prepocessing of inputs and start inferencing
INFO:face_detection:Waiting for output of inference
INFO:face_detection:The cropped face: [array([0.4020923 , 0.14119975, 0.5241677 , 0.5002852 ], dtype=float32)]
INFO:facial_landmarks_detection:Commence prepocessing of inputs and start inferencing
INFO:facial_landmarks_detection:Obtain coordinatess of the left and right eyes
INFO:facial_landmarks_detection:Here are the left and right eye coordinates: [[[0.27782887]]

 [[0.4889804 ]]

 [[0.7538743 ]]

 [[0.46530426]]

 [[0.54075944]]

 [[0.6817523 ]]

 [[0.3078411 ]]

 [[0.8132979 ]]

 [[0.7411256 ]]

 [[0.7882964 ]]]
INFO:facial_landmarks_detection:Return coordinates and the cropped Face
INFO:head_pose_estimation:Commence prepocessing of inputs and start inferencing
INFO:head_pose_estimation:Inference result
INFO:head_pose_estimation:Infered result
INFO:head_pose_estimation: Getting the yaw, pitch, and roll angles 
INFO:gaze_estimation:Commence prepocessing of inputs and start inferencing
INFO:gaze_estimation:Commence sync request
INFO:face_detection:Commence prepocessing of inputs and start inferencing
INFO:face_detection:Waiting for output of inference
INFO:face_detection:The cropped face: [array([0.40095502, 0.14614752, 0.52250123, 0.5022228 ], dtype=float32)]
INFO:facial_landmarks_detection:Commence prepocessing of inputs and start inferencing
INFO:facial_landmarks_detection:Obtain coordinatess of the left and right eyes
INFO:facial_landmarks_detection:Here are the left and right eye coordinates: [[[0.28555715]]

 [[0.46352383]]

 [[0.7643055 ]]

 [[0.44228384]]

 [[0.55453295]]

 [[0.6775471 ]]

 [[0.32805753]]

 [[0.8074242 ]]

 [[0.7503194 ]]

 [[0.78259075]]]
INFO:facial_landmarks_detection:Return coordinates and the cropped Face
INFO:head_pose_estimation:Commence prepocessing of inputs and start inferencing
INFO:head_pose_estimation:Inference result
INFO:head_pose_estimation:Infered result
INFO:head_pose_estimation: Getting the yaw, pitch, and roll angles 
INFO:gaze_estimation:Commence prepocessing of inputs and start inferencing
INFO:gaze_estimation:Commence sync request
INFO:face_detection:Commence prepocessing of inputs and start inferencing
INFO:face_detection:Waiting for output of inference
INFO:face_detection:The cropped face: [array([0.39969513, 0.13544935, 0.5212757 , 0.5030631 ], dtype=float32)]
INFO:facial_landmarks_detection:Commence prepocessing of inputs and start inferencing
INFO:facial_landmarks_detection:Obtain coordinatess of the left and right eyes
INFO:facial_landmarks_detection:Here are the left and right eye coordinates: [[[0.28705496]]

 [[0.43995708]]

 [[0.77432656]]

 [[0.4259637 ]]

 [[0.55242795]]

 [[0.6576593 ]]

 [[0.31916818]]

 [[0.80293643]]

 [[0.7469023 ]]

 [[0.78226995]]]
INFO:facial_landmarks_detection:Return coordinates and the cropped Face
INFO:head_pose_estimation:Commence prepocessing of inputs and start inferencing
INFO:head_pose_estimation:Inference result
INFO:head_pose_estimation:Infered result
INFO:head_pose_estimation: Getting the yaw, pitch, and roll angles 
INFO:gaze_estimation:Commence prepocessing of inputs and start inferencing
INFO:gaze_estimation:Commence sync request
INFO:face_detection:Commence prepocessing of inputs and start inferencing
INFO:face_detection:Waiting for output of inference
INFO:face_detection:The cropped face: [array([0.39835435, 0.14400074, 0.5242667 , 0.4938822 ], dtype=float32)]
INFO:facial_landmarks_detection:Commence prepocessing of inputs and start inferencing
INFO:facial_landmarks_detection:Obtain coordinatess of the left and right eyes
INFO:facial_landmarks_detection:Here are the left and right eye coordinates: [[[0.2900115 ]]

 [[0.43956998]]

 [[0.7527144 ]]

 [[0.4182373 ]]

 [[0.5355965 ]]

 [[0.6651411 ]]

 [[0.33330005]]

 [[0.8012306 ]]

 [[0.72819376]]

 [[0.77634424]]]
INFO:facial_landmarks_detection:Return coordinates and the cropped Face
INFO:head_pose_estimation:Commence prepocessing of inputs and start inferencing
INFO:head_pose_estimation:Inference result
INFO:head_pose_estimation:Infered result
INFO:head_pose_estimation: Getting the yaw, pitch, and roll angles 
INFO:gaze_estimation:Commence prepocessing of inputs and start inferencing
INFO:gaze_estimation:Commence sync request
INFO:face_detection:Commence prepocessing of inputs and start inferencing
INFO:face_detection:Waiting for output of inference
INFO:face_detection:The cropped face: [array([0.39497054, 0.13545929, 0.5208866 , 0.50495625], dtype=float32)]
INFO:facial_landmarks_detection:Commence prepocessing of inputs and start inferencing
INFO:facial_landmarks_detection:Obtain coordinatess of the left and right eyes
INFO:facial_landmarks_detection:Here are the left and right eye coordinates: [[[0.29950005]]

 [[0.44591442]]

 [[0.76345384]]

 [[0.4280344 ]]

 [[0.5617711 ]]

 [[0.63227546]]

 [[0.33459583]]

 [[0.78367025]]

 [[0.7517821 ]]

 [[0.7606224 ]]]
INFO:facial_landmarks_detection:Return coordinates and the cropped Face
INFO:head_pose_estimation:Commence prepocessing of inputs and start inferencing
INFO:head_pose_estimation:Inference result
INFO:head_pose_estimation:Infered result
INFO:head_pose_estimation: Getting the yaw, pitch, and roll angles 
INFO:gaze_estimation:Commence prepocessing of inputs and start inferencing
INFO:gaze_estimation:Commence sync request
INFO:face_detection:Commence prepocessing of inputs and start inferencing
INFO:face_detection:Waiting for output of inference
INFO:face_detection:The cropped face: [array([0.39614588, 0.07913864, 0.5195762 , 0.40584153], dtype=float32)]
INFO:facial_landmarks_detection:Commence prepocessing of inputs and start inferencing
INFO:facial_landmarks_detection:Obtain coordinatess of the left and right eyes
INFO:facial_landmarks_detection:Here are the left and right eye coordinates: [[[0.30113155]]

 [[0.4056904 ]]

 [[0.78886604]]

 [[0.3966728 ]]

 [[0.56716466]]

 [[0.5447115 ]]

 [[0.35038242]]

 [[0.7918631 ]]

 [[0.7650124 ]]

 [[0.77299404]]]
INFO:facial_landmarks_detection:Return coordinates and the cropped Face
INFO:head_pose_estimation:Commence prepocessing of inputs and start inferencing
INFO:head_pose_estimation:Inference result
INFO:head_pose_estimation:Infered result
INFO:head_pose_estimation: Getting the yaw, pitch, and roll angles 
INFO:gaze_estimation:Commence prepocessing of inputs and start inferencing
INFO:gaze_estimation:Commence sync request
INFO:face_detection:Commence prepocessing of inputs and start inferencing
INFO:face_detection:Waiting for output of inference
INFO:face_detection:The cropped face: [array([0.39530405, 0.07290316, 0.52050835, 0.36741778], dtype=float32)]
INFO:facial_landmarks_detection:Commence prepocessing of inputs and start inferencing
INFO:facial_landmarks_detection:Obtain coordinatess of the left and right eyes
INFO:facial_landmarks_detection:Here are the left and right eye coordinates: [[[0.30791602]]

 [[0.38547775]]

 [[0.7755787 ]]

 [[0.37732187]]

 [[0.5774253 ]]

 [[0.44288385]]

 [[0.35720646]]

 [[0.75201   ]]

 [[0.77205014]]

 [[0.740615  ]]]
INFO:facial_landmarks_detection:Return coordinates and the cropped Face
INFO:head_pose_estimation:Commence prepocessing of inputs and start inferencing
INFO:head_pose_estimation:Inference result
INFO:head_pose_estimation:Infered result
INFO:head_pose_estimation: Getting the yaw, pitch, and roll angles 
INFO:gaze_estimation:Commence prepocessing of inputs and start inferencing
INFO:gaze_estimation:Commence sync request
INFO:face_detection:Commence prepocessing of inputs and start inferencing
INFO:face_detection:Waiting for output of inference
INFO:face_detection:The cropped face: [array([0.39686412, 0.08600527, 0.520537  , 0.38967115], dtype=float32)]
INFO:facial_landmarks_detection:Commence prepocessing of inputs and start inferencing
INFO:facial_landmarks_detection:Obtain coordinatess of the left and right eyes
INFO:facial_landmarks_detection:Here are the left and right eye coordinates: [[[0.29471144]]

 [[0.39661038]]

 [[0.7480521 ]]

 [[0.3884904 ]]

 [[0.5479265 ]]

 [[0.47562158]]

 [[0.33101434]]

 [[0.759505  ]]

 [[0.74128944]]

 [[0.7502289 ]]]
INFO:facial_landmarks_detection:Return coordinates and the cropped Face
INFO:head_pose_estimation:Commence prepocessing of inputs and start inferencing
INFO:head_pose_estimation:Inference result
INFO:head_pose_estimation:Infered result
INFO:head_pose_estimation: Getting the yaw, pitch, and roll angles 
INFO:gaze_estimation:Commence prepocessing of inputs and start inferencing
INFO:gaze_estimation:Commence sync request
INFO:face_detection:Commence prepocessing of inputs and start inferencing
INFO:face_detection:Waiting for output of inference
INFO:face_detection:The cropped face: [array([0.39514565, 0.0809335 , 0.5169158 , 0.42119354], dtype=float32)]
INFO:facial_landmarks_detection:Commence prepocessing of inputs and start inferencing
INFO:facial_landmarks_detection:Obtain coordinatess of the left and right eyes
INFO:facial_landmarks_detection:Here are the left and right eye coordinates: [[[0.29473364]]

 [[0.43174967]]

 [[0.74706686]]

 [[0.41436285]]

 [[0.5458853 ]]

 [[0.50121945]]

 [[0.33118334]]

 [[0.76352036]]

 [[0.76028943]]

 [[0.74385834]]]
INFO:facial_landmarks_detection:Return coordinates and the cropped Face
INFO:head_pose_estimation:Commence prepocessing of inputs and start inferencing
INFO:head_pose_estimation:Inference result
INFO:head_pose_estimation:Infered result
INFO:head_pose_estimation: Getting the yaw, pitch, and roll angles 
INFO:gaze_estimation:Commence prepocessing of inputs and start inferencing
INFO:gaze_estimation:Commence sync request
INFO:face_detection:Commence prepocessing of inputs and start inferencing
INFO:face_detection:Waiting for output of inference
INFO:face_detection:The cropped face: [array([0.3940857 , 0.08732831, 0.5167956 , 0.4177631 ], dtype=float32)]
INFO:facial_landmarks_detection:Commence prepocessing of inputs and start inferencing
INFO:facial_landmarks_detection:Obtain coordinatess of the left and right eyes
INFO:facial_landmarks_detection:Here are the left and right eye coordinates: [[[0.29555604]]

 [[0.4185298 ]]

 [[0.75490254]]

 [[0.40683958]]

 [[0.54814804]]

 [[0.5065758 ]]

 [[0.33676964]]

 [[0.76483643]]

 [[0.75716305]]

 [[0.74637187]]]
INFO:facial_landmarks_detection:Return coordinates and the cropped Face
INFO:head_pose_estimation:Commence prepocessing of inputs and start inferencing
INFO:head_pose_estimation:Inference result
INFO:head_pose_estimation:Infered result
INFO:head_pose_estimation: Getting the yaw, pitch, and roll angles 
INFO:gaze_estimation:Commence prepocessing of inputs and start inferencing
INFO:gaze_estimation:Commence sync request
INFO:face_detection:Commence prepocessing of inputs and start inferencing
INFO:face_detection:Waiting for output of inference
INFO:face_detection:The cropped face: [array([0.39417684, 0.08903635, 0.5196538 , 0.4109507 ], dtype=float32)]
INFO:facial_landmarks_detection:Commence prepocessing of inputs and start inferencing
INFO:facial_landmarks_detection:Obtain coordinatess of the left and right eyes
INFO:facial_landmarks_detection:Here are the left and right eye coordinates: [[[0.3060526 ]]

 [[0.4236062 ]]

 [[0.74010754]]

 [[0.41530436]]

 [[0.5313901 ]]

 [[0.51042396]]

 [[0.32931402]]

 [[0.7786511 ]]

 [[0.7435882 ]]

 [[0.7629109 ]]]
INFO:facial_landmarks_detection:Return coordinates and the cropped Face
INFO:head_pose_estimation:Commence prepocessing of inputs and start inferencing
INFO:head_pose_estimation:Inference result
INFO:head_pose_estimation:Infered result
INFO:head_pose_estimation: Getting the yaw, pitch, and roll angles 
INFO:gaze_estimation:Commence prepocessing of inputs and start inferencing
INFO:gaze_estimation:Commence sync request
INFO:face_detection:Commence prepocessing of inputs and start inferencing
INFO:face_detection:Waiting for output of inference
INFO:face_detection:The cropped face: [array([0.3911906 , 0.08239695, 0.52193385, 0.4114898 ], dtype=float32)]
INFO:facial_landmarks_detection:Commence prepocessing of inputs and start inferencing
INFO:facial_landmarks_detection:Obtain coordinatess of the left and right eyes
INFO:facial_landmarks_detection:Here are the left and right eye coordinates: [[[0.32815054]]

 [[0.43675077]]

 [[0.7682894 ]]

 [[0.42187282]]

 [[0.5781133 ]]

 [[0.52468014]]

 [[0.35611197]]

 [[0.7933162 ]]

 [[0.7652618 ]]

 [[0.775661  ]]]
INFO:facial_landmarks_detection:Return coordinates and the cropped Face
INFO:head_pose_estimation:Commence prepocessing of inputs and start inferencing
INFO:head_pose_estimation:Inference result
INFO:head_pose_estimation:Infered result
INFO:head_pose_estimation: Getting the yaw, pitch, and roll angles 
INFO:gaze_estimation:Commence prepocessing of inputs and start inferencing
INFO:gaze_estimation:Commence sync request
INFO:face_detection:Commence prepocessing of inputs and start inferencing
INFO:face_detection:Waiting for output of inference
INFO:face_detection:The cropped face: [array([0.4027993 , 0.08459292, 0.53115034, 0.40217298], dtype=float32)]
INFO:facial_landmarks_detection:Commence prepocessing of inputs and start inferencing
INFO:facial_landmarks_detection:Obtain coordinatess of the left and right eyes
INFO:facial_landmarks_detection:Here are the left and right eye coordinates: [[[0.51712656]]

 [[0.43214145]]

 [[0.91183424]]

 [[0.41521493]]

 [[0.8721871 ]]

 [[0.5530783 ]]

 [[0.5736537 ]]

 [[0.81358147]]

 [[0.92372245]]

 [[0.78913933]]]
INFO:facial_landmarks_detection:Return coordinates and the cropped Face
INFO:head_pose_estimation:Commence prepocessing of inputs and start inferencing
INFO:head_pose_estimation:Inference result
INFO:head_pose_estimation:Infered result
INFO:head_pose_estimation: Getting the yaw, pitch, and roll angles 
INFO:gaze_estimation:Commence prepocessing of inputs and start inferencing
INFO:gaze_estimation:Commence sync request
INFO:face_detection:Commence prepocessing of inputs and start inferencing
INFO:face_detection:Waiting for output of inference
INFO:face_detection:The cropped face: [array([0.39652354, 0.08221072, 0.5332485 , 0.40278083], dtype=float32)]
INFO:facial_landmarks_detection:Commence prepocessing of inputs and start inferencing
INFO:facial_landmarks_detection:Obtain coordinatess of the left and right eyes
INFO:facial_landmarks_detection:Here are the left and right eye coordinates: [[[0.5546463 ]]

 [[0.41898054]]

 [[0.9214819 ]]

 [[0.40531722]]

 [[0.90362966]]

 [[0.56302345]]

 [[0.61256295]]

 [[0.81162274]]

 [[0.93723905]]

 [[0.7874786 ]]]
INFO:facial_landmarks_detection:Return coordinates and the cropped Face
INFO:head_pose_estimation:Commence prepocessing of inputs and start inferencing
INFO:head_pose_estimation:Inference result
INFO:head_pose_estimation:Infered result
INFO:head_pose_estimation: Getting the yaw, pitch, and roll angles 
INFO:gaze_estimation:Commence prepocessing of inputs and start inferencing
INFO:gaze_estimation:Commence sync request
INFO:face_detection:Commence prepocessing of inputs and start inferencing
INFO:face_detection:Waiting for output of inference
INFO:face_detection:The cropped face: [array([0.39927566, 0.0847946 , 0.5361873 , 0.4131779 ], dtype=float32)]
INFO:facial_landmarks_detection:Commence prepocessing of inputs and start inferencing
INFO:facial_landmarks_detection:Obtain coordinatess of the left and right eyes
INFO:facial_landmarks_detection:Here are the left and right eye coordinates: [[[0.5333321 ]]

 [[0.39649108]]

 [[0.88026905]]

 [[0.39994913]]

 [[0.8522118 ]]

 [[0.53101313]]

 [[0.56768477]]

 [[0.77574354]]

 [[0.88721055]]

 [[0.7649137 ]]]
INFO:facial_landmarks_detection:Return coordinates and the cropped Face
INFO:head_pose_estimation:Commence prepocessing of inputs and start inferencing
INFO:head_pose_estimation:Inference result
INFO:head_pose_estimation:Infered result
INFO:head_pose_estimation: Getting the yaw, pitch, and roll angles 
INFO:gaze_estimation:Commence prepocessing of inputs and start inferencing
INFO:gaze_estimation:Commence sync request
INFO:face_detection:Commence prepocessing of inputs and start inferencing
INFO:face_detection:Waiting for output of inference
INFO:face_detection:The cropped face: [array([0.40222794, 0.08228512, 0.5274036 , 0.4197231 ], dtype=float32)]
INFO:facial_landmarks_detection:Commence prepocessing of inputs and start inferencing
INFO:facial_landmarks_detection:Obtain coordinatess of the left and right eyes
INFO:facial_landmarks_detection:Here are the left and right eye coordinates: [[[0.52064514]]

 [[0.39950284]]

 [[0.9070855 ]]

 [[0.40662125]]

 [[0.8875438 ]]

 [[0.5258615 ]]

 [[0.5934713 ]]

 [[0.76452816]]

 [[0.9340133 ]]

 [[0.76403916]]]
INFO:facial_landmarks_detection:Return coordinates and the cropped Face
INFO:head_pose_estimation:Commence prepocessing of inputs and start inferencing
INFO:head_pose_estimation:Inference result
INFO:head_pose_estimation:Infered result
INFO:head_pose_estimation: Getting the yaw, pitch, and roll angles 
INFO:gaze_estimation:Commence prepocessing of inputs and start inferencing
INFO:gaze_estimation:Commence sync request
INFO:face_detection:Commence prepocessing of inputs and start inferencing
INFO:face_detection:Waiting for output of inference
INFO:face_detection:The cropped face: [array([0.40111703, 0.09413984, 0.5274327 , 0.41243878], dtype=float32)]
INFO:facial_landmarks_detection:Commence prepocessing of inputs and start inferencing
INFO:facial_landmarks_detection:Obtain coordinatess of the left and right eyes
INFO:facial_landmarks_detection:Here are the left and right eye coordinates: [[[0.5310225 ]]

 [[0.39609984]]

 [[0.9176369 ]]

 [[0.39435303]]

 [[0.89033544]]

 [[0.52626824]]

 [[0.57566404]]

 [[0.7752358 ]]

 [[0.9342532 ]]

 [[0.7612555 ]]]
INFO:facial_landmarks_detection:Return coordinates and the cropped Face
INFO:head_pose_estimation:Commence prepocessing of inputs and start inferencing
INFO:head_pose_estimation:Inference result
INFO:head_pose_estimation:Infered result
INFO:head_pose_estimation: Getting the yaw, pitch, and roll angles 
INFO:gaze_estimation:Commence prepocessing of inputs and start inferencing
INFO:gaze_estimation:Commence sync request
INFO:__main__:----------THE END----------
